<?xml version="1.0" encoding="UTF-8"?>
<coverage generated="1652936858125" clover="3.2.0">
  <project timestamp="1652936858125" name="All files">
    <metrics statements="8" coveredstatements="6" conditionals="0" coveredconditionals="0" methods="5" coveredmethods="2" elements="13" coveredelements="8" complexity="0" loc="8" ncloc="8" packages="2" files="2" classes="2"/>
    <package name="RN_Unit_Testing">
      <metrics statements="2" coveredstatements="2" conditionals="0" coveredconditionals="0" methods="1" coveredmethods="1"/>
      <file name="App.tsx" path="/Users/skalra/Documents/Personal/Projects/React-Native/POC/RN_Unit_Testing/App.tsx">
        <metrics statements="2" coveredstatements="2" conditionals="0" coveredconditionals="0" methods="1" coveredmethods="1"/>
        <line num="5" count="1" type="stmt"/>
        <line num="6" count="1" type="stmt"/>
      </file>
    </package>
    <package name="RN_Unit_Testing.src.ui.screens.login">
      <metrics statements="6" coveredstatements="4" conditionals="0" coveredconditionals="0" methods="4" coveredmethods="1"/>
      <file name="LoginScreen.tsx" path="/Users/skalra/Documents/Personal/Projects/React-Native/POC/RN_Unit_Testing/src/ui/screens/login/LoginScreen.tsx">
        <metrics statements="6" coveredstatements="4" conditionals="0" coveredconditionals="0" methods="4" coveredmethods="1"/>
        <line num="4" count="2" type="stmt"/>
        <line num="5" count="3" type="stmt"/>
        <line num="6" count="3" type="stmt"/>
        <line num="7" count="3" type="stmt"/>
        <line num="30" count="0" type="stmt"/>
        <line num="44" count="0" type="stmt"/>
      </file>
    </package>
  </project>
</coverage>
