{"/Users/skalra/Documents/Personal/Projects/React-Native/POC/RN_Unit_Testing/App.tsx": {"path":"/Users/skalra/Documents/Personal/Projects/React-Native/POC/RN_Unit_Testing/App.tsx","statementMap":{"0":{"start":{"line":5,"column":12},"end":{"line":11,"column":1}},"1":{"start":{"line":6,"column":2},"end":{"line":10,"column":4}}},"fnMap":{"0":{"name":"(anonymous_0)","decl":{"start":{"line":5,"column":12},"end":{"line":5,"column":13}},"loc":{"start":{"line":5,"column":18},"end":{"line":11,"column":1}},"line":5}},"branchMap":{},"s":{"0":1,"1":1},"f":{"0":1},"b":{},"_coverageSchema":"1a1c01bbd47fc00a2c39e90264f33305004495a9","hash":"c5634e9f0cec43ca959215ff23802be2c737dc30"}
,"/Users/skalra/Documents/Personal/Projects/React-Native/POC/RN_Unit_Testing/src/ui/screens/login/LoginScreen.tsx": {"path":"/Users/skalra/Documents/Personal/Projects/React-Native/POC/RN_Unit_Testing/src/ui/screens/login/LoginScreen.tsx","statementMap":{"0":{"start":{"line":4,"column":20},"end":{"line":53,"column":1}},"1":{"start":{"line":5,"column":28},"end":{"line":5,"column":40}},"2":{"start":{"line":6,"column":34},"end":{"line":6,"column":46}},"3":{"start":{"line":7,"column":2},"end":{"line":52,"column":4}},"4":{"start":{"line":30,"column":32},"end":{"line":30,"column":46}},"5":{"start":{"line":44,"column":32},"end":{"line":44,"column":49}}},"fnMap":{"0":{"name":"(anonymous_0)","decl":{"start":{"line":4,"column":20},"end":{"line":4,"column":21}},"loc":{"start":{"line":4,"column":26},"end":{"line":53,"column":1}},"line":4},"1":{"name":"(anonymous_1)","decl":{"start":{"line":30,"column":24},"end":{"line":30,"column":25}},"loc":{"start":{"line":30,"column":32},"end":{"line":30,"column":46}},"line":30},"2":{"name":"(anonymous_2)","decl":{"start":{"line":44,"column":24},"end":{"line":44,"column":25}},"loc":{"start":{"line":44,"column":32},"end":{"line":44,"column":49}},"line":44},"3":{"name":"(anonymous_3)","decl":{"start":{"line":48,"column":41},"end":{"line":48,"column":42}},"loc":{"start":{"line":48,"column":47},"end":{"line":48,"column":49}},"line":48}},"branchMap":{},"s":{"0":2,"1":3,"2":3,"3":3,"4":0,"5":0},"f":{"0":3,"1":0,"2":0,"3":0},"b":{},"_coverageSchema":"1a1c01bbd47fc00a2c39e90264f33305004495a9","hash":"ae453db0cbca35f7583b85a5f84863c087c02664"}
}
